<html xmlns="http://www.w3.org/1999/xhtml">
  <head>
    <title>A valid document</title>
  </head>
  <body>
    <p>This is a valid, albeit boring, XHTML document.</p>
  </body>
</html>
